State 0:
          code ::= * statementblock
      (1) statementblock ::= *
          statementblock ::= * statementblock statement

                          code accept
                statementblock shift        30     
                     {default} reduce       1      statementblock ::=

State 1:
          ex ::= * NOW
          ex ::= * CURRENTTIME
          ex ::= * LPAR ex RPAR
          ex ::= * NUMTOKEN
          ex ::= * TIMETOKEN
          ex ::= * STRTOKEN
          ex ::= * IDENTIFIER
          ex ::= * TIME ex
          ex ::= * SQRT ex
          ex ::= * UPPERCASE ex
          ex ::= * MAXIMUM ex
          ex ::= * AVERAGE ex
          ex ::= * INCREASE ex
          ex ::= * MINUS ex
          ex ::= * ex IS NUMBER
          ex ::= * ex IS LIST
          ex ::= * ex IS NULLTOK
          ex ::= * ex AMPERSAND ex
          ex ::= * ex RANGE ex
          ex ::= * ex PLUS ex
          ex ::= * ex MINUS ex
          ex ::= * ex TIMES ex
          ex ::= * ex DIVIDE ex
          ex ::= * ex POWER ex
          ex ::= * ex IS NOT WITHIN ex TO ex
          ex ::= * NULLTOK
          ex ::= * TRUE
          ex ::= * FALSE
          ex ::= * LSPAR RSPAR
          ex ::= LSPAR * RSPAR
          ex ::= * LSPAR exlist RSPAR
          ex ::= LSPAR * exlist RSPAR
          exlist ::= * ex
          exlist ::= * exlist COMMA ex

                          TIME shift        23     
                     UPPERCASE shift        19     
                       AVERAGE shift        15     
                      INCREASE shift        13     
                       MAXIMUM shift        17     
                         MINUS shift        11     
                          SQRT shift        21     
                    IDENTIFIER shift-reduce 19     ex ::= IDENTIFIER
                           NOW shift-reduce 13     ex ::= NOW
                   CURRENTTIME shift-reduce 14     ex ::= CURRENTTIME
                          LPAR shift        25     
                      NUMTOKEN shift-reduce 16     ex ::= NUMTOKEN
                     TIMETOKEN shift-reduce 17     ex ::= TIMETOKEN
                      STRTOKEN shift-reduce 18     ex ::= STRTOKEN
                       NULLTOK shift-reduce 38     ex ::= NULLTOK
                          TRUE shift-reduce 39     ex ::= TRUE
                         FALSE shift-reduce 40     ex ::= FALSE
                         LSPAR shift        1      
                         RSPAR shift-reduce 41     ex ::= LSPAR RSPAR
                            ex shift        44     
                        exlist shift        57     

State 2:
          if_then_else ::= * ex THEN statementblock elseif
          elseif ::= ELSEIF * if_then_else
          ex ::= * NOW
          ex ::= * CURRENTTIME
          ex ::= * LPAR ex RPAR
          ex ::= * NUMTOKEN
          ex ::= * TIMETOKEN
          ex ::= * STRTOKEN
          ex ::= * IDENTIFIER
          ex ::= * TIME ex
          ex ::= * SQRT ex
          ex ::= * UPPERCASE ex
          ex ::= * MAXIMUM ex
          ex ::= * AVERAGE ex
          ex ::= * INCREASE ex
          ex ::= * MINUS ex
          ex ::= * ex IS NUMBER
          ex ::= * ex IS LIST
          ex ::= * ex IS NULLTOK
          ex ::= * ex AMPERSAND ex
          ex ::= * ex RANGE ex
          ex ::= * ex PLUS ex
          ex ::= * ex MINUS ex
          ex ::= * ex TIMES ex
          ex ::= * ex DIVIDE ex
          ex ::= * ex POWER ex
          ex ::= * ex IS NOT WITHIN ex TO ex
          ex ::= * NULLTOK
          ex ::= * TRUE
          ex ::= * FALSE
          ex ::= * LSPAR RSPAR
          ex ::= * LSPAR exlist RSPAR

                          TIME shift        23     
                     UPPERCASE shift        19     
                       AVERAGE shift        15     
                      INCREASE shift        13     
                       MAXIMUM shift        17     
                         MINUS shift        11     
                          SQRT shift        21     
                    IDENTIFIER shift-reduce 19     ex ::= IDENTIFIER
                           NOW shift-reduce 13     ex ::= NOW
                   CURRENTTIME shift-reduce 14     ex ::= CURRENTTIME
                          LPAR shift        25     
                      NUMTOKEN shift-reduce 16     ex ::= NUMTOKEN
                     TIMETOKEN shift-reduce 17     ex ::= TIMETOKEN
                      STRTOKEN shift-reduce 18     ex ::= STRTOKEN
                       NULLTOK shift-reduce 38     ex ::= NULLTOK
                          TRUE shift-reduce 39     ex ::= TRUE
                         FALSE shift-reduce 40     ex ::= FALSE
                         LSPAR shift        1      
                            ex shift        36     
                  if_then_else shift-reduce 10     elseif ::= ELSEIF if_then_else

State 3:
          statement ::= IF * if_then_else
          if_then_else ::= * ex THEN statementblock elseif
          ex ::= * NOW
          ex ::= * CURRENTTIME
          ex ::= * LPAR ex RPAR
          ex ::= * NUMTOKEN
          ex ::= * TIMETOKEN
          ex ::= * STRTOKEN
          ex ::= * IDENTIFIER
          ex ::= * TIME ex
          ex ::= * SQRT ex
          ex ::= * UPPERCASE ex
          ex ::= * MAXIMUM ex
          ex ::= * AVERAGE ex
          ex ::= * INCREASE ex
          ex ::= * MINUS ex
          ex ::= * ex IS NUMBER
          ex ::= * ex IS LIST
          ex ::= * ex IS NULLTOK
          ex ::= * ex AMPERSAND ex
          ex ::= * ex RANGE ex
          ex ::= * ex PLUS ex
          ex ::= * ex MINUS ex
          ex ::= * ex TIMES ex
          ex ::= * ex DIVIDE ex
          ex ::= * ex POWER ex
          ex ::= * ex IS NOT WITHIN ex TO ex
          ex ::= * NULLTOK
          ex ::= * TRUE
          ex ::= * FALSE
          ex ::= * LSPAR RSPAR
          ex ::= * LSPAR exlist RSPAR

                          TIME shift        23     
                     UPPERCASE shift        19     
                       AVERAGE shift        15     
                      INCREASE shift        13     
                       MAXIMUM shift        17     
                         MINUS shift        11     
                          SQRT shift        21     
                    IDENTIFIER shift-reduce 19     ex ::= IDENTIFIER
                           NOW shift-reduce 13     ex ::= NOW
                   CURRENTTIME shift-reduce 14     ex ::= CURRENTTIME
                          LPAR shift        25     
                      NUMTOKEN shift-reduce 16     ex ::= NUMTOKEN
                     TIMETOKEN shift-reduce 17     ex ::= TIMETOKEN
                      STRTOKEN shift-reduce 18     ex ::= STRTOKEN
                       NULLTOK shift-reduce 38     ex ::= NULLTOK
                          TRUE shift-reduce 39     ex ::= TRUE
                         FALSE shift-reduce 40     ex ::= FALSE
                         LSPAR shift        1      
                            ex shift        36     
                  if_then_else shift-reduce 6      statement ::= IF if_then_else

State 4:
          statementblock ::= statementblock * statement
          statement ::= * WRITE ex SEMICOLON
          statement ::= * TRACE ex SEMICOLON
          statement ::= * IDENTIFIER ASSIGN ex SEMICOLON
          statement ::= * IF if_then_else
          if_then_else ::= ex THEN statementblock * elseif
          elseif ::= * ENDIF SEMICOLON
          elseif ::= * ELSE statementblock ENDIF SEMICOLON
          elseif ::= * ELSEIF if_then_else
          statement ::= * FOR IDENTIFIER IN ex DO statementblock ENDDO SEMICOLON
          statement ::= * TIME IDENTIFIER ASSIGN ex SEMICOLON

                          TIME shift        61     
                         WRITE shift        27     
                         TRACE shift        8      
                    IDENTIFIER shift        67     
                            IF shift        3      
                         ENDIF shift        66     
                          ELSE shift        32     
                        ELSEIF shift        2      
                           FOR shift        64     
                     statement shift-reduce 2      statementblock ::= statementblock statement
                        elseif shift-reduce 7      if_then_else ::= ex THEN statementblock elseif

State 5:
          statement ::= TIME IDENTIFIER ASSIGN * ex SEMICOLON
          ex ::= * NOW
          ex ::= * CURRENTTIME
          ex ::= * LPAR ex RPAR
          ex ::= * NUMTOKEN
          ex ::= * TIMETOKEN
          ex ::= * STRTOKEN
          ex ::= * IDENTIFIER
          ex ::= * TIME ex
          ex ::= * SQRT ex
          ex ::= * UPPERCASE ex
          ex ::= * MAXIMUM ex
          ex ::= * AVERAGE ex
          ex ::= * INCREASE ex
          ex ::= * MINUS ex
          ex ::= * ex IS NUMBER
          ex ::= * ex IS LIST
          ex ::= * ex IS NULLTOK
          ex ::= * ex AMPERSAND ex
          ex ::= * ex RANGE ex
          ex ::= * ex PLUS ex
          ex ::= * ex MINUS ex
          ex ::= * ex TIMES ex
          ex ::= * ex DIVIDE ex
          ex ::= * ex POWER ex
          ex ::= * ex IS NOT WITHIN ex TO ex
          ex ::= * NULLTOK
          ex ::= * TRUE
          ex ::= * FALSE
          ex ::= * LSPAR RSPAR
          ex ::= * LSPAR exlist RSPAR

                          TIME shift        23     
                     UPPERCASE shift        19     
                       AVERAGE shift        15     
                      INCREASE shift        13     
                       MAXIMUM shift        17     
                         MINUS shift        11     
                          SQRT shift        21     
                    IDENTIFIER shift-reduce 19     ex ::= IDENTIFIER
                           NOW shift-reduce 13     ex ::= NOW
                   CURRENTTIME shift-reduce 14     ex ::= CURRENTTIME
                          LPAR shift        25     
                      NUMTOKEN shift-reduce 16     ex ::= NUMTOKEN
                     TIMETOKEN shift-reduce 17     ex ::= TIMETOKEN
                      STRTOKEN shift-reduce 18     ex ::= STRTOKEN
                       NULLTOK shift-reduce 38     ex ::= NULLTOK
                          TRUE shift-reduce 39     ex ::= TRUE
                         FALSE shift-reduce 40     ex ::= FALSE
                         LSPAR shift        1      
                            ex shift        34     

State 6:
          statement ::= FOR IDENTIFIER IN * ex DO statementblock ENDDO SEMICOLON
          ex ::= * NOW
          ex ::= * CURRENTTIME
          ex ::= * LPAR ex RPAR
          ex ::= * NUMTOKEN
          ex ::= * TIMETOKEN
          ex ::= * STRTOKEN
          ex ::= * IDENTIFIER
          ex ::= * TIME ex
          ex ::= * SQRT ex
          ex ::= * UPPERCASE ex
          ex ::= * MAXIMUM ex
          ex ::= * AVERAGE ex
          ex ::= * INCREASE ex
          ex ::= * MINUS ex
          ex ::= * ex IS NUMBER
          ex ::= * ex IS LIST
          ex ::= * ex IS NULLTOK
          ex ::= * ex AMPERSAND ex
          ex ::= * ex RANGE ex
          ex ::= * ex PLUS ex
          ex ::= * ex MINUS ex
          ex ::= * ex TIMES ex
          ex ::= * ex DIVIDE ex
          ex ::= * ex POWER ex
          ex ::= * ex IS NOT WITHIN ex TO ex
          ex ::= * NULLTOK
          ex ::= * TRUE
          ex ::= * FALSE
          ex ::= * LSPAR RSPAR
          ex ::= * LSPAR exlist RSPAR

                          TIME shift        23     
                     UPPERCASE shift        19     
                       AVERAGE shift        15     
                      INCREASE shift        13     
                       MAXIMUM shift        17     
                         MINUS shift        11     
                          SQRT shift        21     
                    IDENTIFIER shift-reduce 19     ex ::= IDENTIFIER
                           NOW shift-reduce 13     ex ::= NOW
                   CURRENTTIME shift-reduce 14     ex ::= CURRENTTIME
                          LPAR shift        25     
                      NUMTOKEN shift-reduce 16     ex ::= NUMTOKEN
                     TIMETOKEN shift-reduce 17     ex ::= TIMETOKEN
                      STRTOKEN shift-reduce 18     ex ::= STRTOKEN
                       NULLTOK shift-reduce 38     ex ::= NULLTOK
                          TRUE shift-reduce 39     ex ::= TRUE
                         FALSE shift-reduce 40     ex ::= FALSE
                         LSPAR shift        1      
                            ex shift        35     

State 7:
          statement ::= IDENTIFIER ASSIGN * ex SEMICOLON
          ex ::= * NOW
          ex ::= * CURRENTTIME
          ex ::= * LPAR ex RPAR
          ex ::= * NUMTOKEN
          ex ::= * TIMETOKEN
          ex ::= * STRTOKEN
          ex ::= * IDENTIFIER
          ex ::= * TIME ex
          ex ::= * SQRT ex
          ex ::= * UPPERCASE ex
          ex ::= * MAXIMUM ex
          ex ::= * AVERAGE ex
          ex ::= * INCREASE ex
          ex ::= * MINUS ex
          ex ::= * ex IS NUMBER
          ex ::= * ex IS LIST
          ex ::= * ex IS NULLTOK
          ex ::= * ex AMPERSAND ex
          ex ::= * ex RANGE ex
          ex ::= * ex PLUS ex
          ex ::= * ex MINUS ex
          ex ::= * ex TIMES ex
          ex ::= * ex DIVIDE ex
          ex ::= * ex POWER ex
          ex ::= * ex IS NOT WITHIN ex TO ex
          ex ::= * NULLTOK
          ex ::= * TRUE
          ex ::= * FALSE
          ex ::= * LSPAR RSPAR
          ex ::= * LSPAR exlist RSPAR

                          TIME shift        23     
                     UPPERCASE shift        19     
                       AVERAGE shift        15     
                      INCREASE shift        13     
                       MAXIMUM shift        17     
                         MINUS shift        11     
                          SQRT shift        21     
                    IDENTIFIER shift-reduce 19     ex ::= IDENTIFIER
                           NOW shift-reduce 13     ex ::= NOW
                   CURRENTTIME shift-reduce 14     ex ::= CURRENTTIME
                          LPAR shift        25     
                      NUMTOKEN shift-reduce 16     ex ::= NUMTOKEN
                     TIMETOKEN shift-reduce 17     ex ::= TIMETOKEN
                      STRTOKEN shift-reduce 18     ex ::= STRTOKEN
                       NULLTOK shift-reduce 38     ex ::= NULLTOK
                          TRUE shift-reduce 39     ex ::= TRUE
                         FALSE shift-reduce 40     ex ::= FALSE
                         LSPAR shift        1      
                            ex shift        37     

State 8:
          statement ::= TRACE * ex SEMICOLON
          ex ::= * NOW
          ex ::= * CURRENTTIME
          ex ::= * LPAR ex RPAR
          ex ::= * NUMTOKEN
          ex ::= * TIMETOKEN
          ex ::= * STRTOKEN
          ex ::= * IDENTIFIER
          ex ::= * TIME ex
          ex ::= * SQRT ex
          ex ::= * UPPERCASE ex
          ex ::= * MAXIMUM ex
          ex ::= * AVERAGE ex
          ex ::= * INCREASE ex
          ex ::= * MINUS ex
          ex ::= * ex IS NUMBER
          ex ::= * ex IS LIST
          ex ::= * ex IS NULLTOK
          ex ::= * ex AMPERSAND ex
          ex ::= * ex RANGE ex
          ex ::= * ex PLUS ex
          ex ::= * ex MINUS ex
          ex ::= * ex TIMES ex
          ex ::= * ex DIVIDE ex
          ex ::= * ex POWER ex
          ex ::= * ex IS NOT WITHIN ex TO ex
          ex ::= * NULLTOK
          ex ::= * TRUE
          ex ::= * FALSE
          ex ::= * LSPAR RSPAR
          ex ::= * LSPAR exlist RSPAR

                          TIME shift        23     
                     UPPERCASE shift        19     
                       AVERAGE shift        15     
                      INCREASE shift        13     
                       MAXIMUM shift        17     
                         MINUS shift        11     
                          SQRT shift        21     
                    IDENTIFIER shift-reduce 19     ex ::= IDENTIFIER
                           NOW shift-reduce 13     ex ::= NOW
                   CURRENTTIME shift-reduce 14     ex ::= CURRENTTIME
                          LPAR shift        25     
                      NUMTOKEN shift-reduce 16     ex ::= NUMTOKEN
                     TIMETOKEN shift-reduce 17     ex ::= TIMETOKEN
                      STRTOKEN shift-reduce 18     ex ::= STRTOKEN
                       NULLTOK shift-reduce 38     ex ::= NULLTOK
                          TRUE shift-reduce 39     ex ::= TRUE
                         FALSE shift-reduce 40     ex ::= FALSE
                         LSPAR shift        1      
                            ex shift        38     

State 9:
          ex ::= * NOW
          ex ::= * CURRENTTIME
          ex ::= * LPAR ex RPAR
          ex ::= * NUMTOKEN
          ex ::= * TIMETOKEN
          ex ::= * STRTOKEN
          ex ::= * IDENTIFIER
          ex ::= * TIME ex
          ex ::= * SQRT ex
          ex ::= * UPPERCASE ex
          ex ::= * MAXIMUM ex
          ex ::= * AVERAGE ex
          ex ::= * INCREASE ex
          ex ::= * MINUS ex
          ex ::= * ex IS NUMBER
          ex ::= * ex IS LIST
          ex ::= * ex IS NULLTOK
          ex ::= * ex AMPERSAND ex
          ex ::= * ex RANGE ex
          ex ::= * ex PLUS ex
          ex ::= * ex MINUS ex
          ex ::= * ex TIMES ex
          ex ::= * ex DIVIDE ex
          ex ::= * ex POWER ex
          ex ::= * ex IS NOT WITHIN ex TO ex
          ex ::= ex IS NOT WITHIN ex TO * ex
          ex ::= * NULLTOK
          ex ::= * TRUE
          ex ::= * FALSE
          ex ::= * LSPAR RSPAR
          ex ::= * LSPAR exlist RSPAR

                          TIME shift        23     
                     UPPERCASE shift        19     
                       AVERAGE shift        15     
                      INCREASE shift        13     
                       MAXIMUM shift        17     
                         MINUS shift        11     
                          SQRT shift        21     
                    IDENTIFIER shift-reduce 19     ex ::= IDENTIFIER
                           NOW shift-reduce 13     ex ::= NOW
                   CURRENTTIME shift-reduce 14     ex ::= CURRENTTIME
                          LPAR shift        25     
                      NUMTOKEN shift-reduce 16     ex ::= NUMTOKEN
                     TIMETOKEN shift-reduce 17     ex ::= TIMETOKEN
                      STRTOKEN shift-reduce 18     ex ::= STRTOKEN
                       NULLTOK shift-reduce 38     ex ::= NULLTOK
                          TRUE shift-reduce 39     ex ::= TRUE
                         FALSE shift-reduce 40     ex ::= FALSE
                         LSPAR shift        1      
                            ex shift        42     

State 10:
          ex ::= * NOW
          ex ::= * CURRENTTIME
          ex ::= * LPAR ex RPAR
          ex ::= * NUMTOKEN
          ex ::= * TIMETOKEN
          ex ::= * STRTOKEN
          ex ::= * IDENTIFIER
          ex ::= * TIME ex
          ex ::= * SQRT ex
          ex ::= * UPPERCASE ex
          ex ::= * MAXIMUM ex
          ex ::= * AVERAGE ex
          ex ::= * INCREASE ex
          ex ::= * MINUS ex
          ex ::= * ex IS NUMBER
          ex ::= * ex IS LIST
          ex ::= * ex IS NULLTOK
          ex ::= * ex AMPERSAND ex
          ex ::= * ex RANGE ex
          ex ::= * ex PLUS ex
          ex ::= * ex MINUS ex
          ex ::= * ex TIMES ex
          ex ::= * ex DIVIDE ex
          ex ::= * ex POWER ex
          ex ::= * ex IS NOT WITHIN ex TO ex
          ex ::= * NULLTOK
          ex ::= * TRUE
          ex ::= * FALSE
          ex ::= * LSPAR RSPAR
          ex ::= * LSPAR exlist RSPAR
          exlist ::= exlist COMMA * ex

                          TIME shift        23     
                     UPPERCASE shift        19     
                       AVERAGE shift        15     
                      INCREASE shift        13     
                       MAXIMUM shift        17     
                         MINUS shift        11     
                          SQRT shift        21     
                    IDENTIFIER shift-reduce 19     ex ::= IDENTIFIER
                           NOW shift-reduce 13     ex ::= NOW
                   CURRENTTIME shift-reduce 14     ex ::= CURRENTTIME
                          LPAR shift        25     
                      NUMTOKEN shift-reduce 16     ex ::= NUMTOKEN
                     TIMETOKEN shift-reduce 17     ex ::= TIMETOKEN
                      STRTOKEN shift-reduce 18     ex ::= STRTOKEN
                       NULLTOK shift-reduce 38     ex ::= NULLTOK
                          TRUE shift-reduce 39     ex ::= TRUE
                         FALSE shift-reduce 40     ex ::= FALSE
                         LSPAR shift        1      
                            ex shift        43     

State 11:
          ex ::= * NOW
          ex ::= * CURRENTTIME
          ex ::= * LPAR ex RPAR
          ex ::= * NUMTOKEN
          ex ::= * TIMETOKEN
          ex ::= * STRTOKEN
          ex ::= * IDENTIFIER
          ex ::= * TIME ex
          ex ::= * SQRT ex
          ex ::= * UPPERCASE ex
          ex ::= * MAXIMUM ex
          ex ::= * AVERAGE ex
          ex ::= * INCREASE ex
          ex ::= * MINUS ex
          ex ::= MINUS * ex
          ex ::= * ex IS NUMBER
          ex ::= * ex IS LIST
          ex ::= * ex IS NULLTOK
          ex ::= * ex AMPERSAND ex
          ex ::= * ex RANGE ex
          ex ::= * ex PLUS ex
          ex ::= * ex MINUS ex
          ex ::= * ex TIMES ex
          ex ::= * ex DIVIDE ex
          ex ::= * ex POWER ex
          ex ::= * ex IS NOT WITHIN ex TO ex
          ex ::= * NULLTOK
          ex ::= * TRUE
          ex ::= * FALSE
          ex ::= * LSPAR RSPAR
          ex ::= * LSPAR exlist RSPAR

                          TIME shift        23     
                     UPPERCASE shift        19     
                       AVERAGE shift        15     
                      INCREASE shift        13     
                       MAXIMUM shift        17     
                         MINUS shift        11     
                          SQRT shift        21     
                    IDENTIFIER shift-reduce 19     ex ::= IDENTIFIER
                           NOW shift-reduce 13     ex ::= NOW
                   CURRENTTIME shift-reduce 14     ex ::= CURRENTTIME
                          LPAR shift        25     
                      NUMTOKEN shift-reduce 16     ex ::= NUMTOKEN
                     TIMETOKEN shift-reduce 17     ex ::= TIMETOKEN
                      STRTOKEN shift-reduce 18     ex ::= STRTOKEN
                       NULLTOK shift-reduce 38     ex ::= NULLTOK
                          TRUE shift-reduce 39     ex ::= TRUE
                         FALSE shift-reduce 40     ex ::= FALSE
                         LSPAR shift        1      
                            ex shift        58     

State 12:
          ex ::= * NOW
          ex ::= * CURRENTTIME
          ex ::= * LPAR ex RPAR
          ex ::= * NUMTOKEN
          ex ::= * TIMETOKEN
          ex ::= * STRTOKEN
          ex ::= * IDENTIFIER
          ex ::= * TIME ex
          ex ::= * SQRT ex
          ex ::= * UPPERCASE ex
          ex ::= * MAXIMUM ex
          ex ::= * AVERAGE ex
          ex ::= * INCREASE ex
          ex ::= * MINUS ex
          ex ::= * ex IS NUMBER
          ex ::= * ex IS LIST
          ex ::= * ex IS NULLTOK
          ex ::= * ex AMPERSAND ex
          ex ::= * ex RANGE ex
          ex ::= * ex PLUS ex
          ex ::= * ex MINUS ex
          ex ::= * ex TIMES ex
          ex ::= * ex DIVIDE ex
          ex ::= * ex POWER ex
          ex ::= ex POWER * ex
          ex ::= * ex IS NOT WITHIN ex TO ex
          ex ::= * NULLTOK
          ex ::= * TRUE
          ex ::= * FALSE
          ex ::= * LSPAR RSPAR
          ex ::= * LSPAR exlist RSPAR

                          TIME shift        23     
                     UPPERCASE shift        19     
                       AVERAGE shift        15     
                      INCREASE shift        13     
                       MAXIMUM shift        17     
                         MINUS shift        11     
                          SQRT shift        21     
                    IDENTIFIER shift-reduce 19     ex ::= IDENTIFIER
                           NOW shift-reduce 13     ex ::= NOW
                   CURRENTTIME shift-reduce 14     ex ::= CURRENTTIME
                          LPAR shift        25     
                      NUMTOKEN shift-reduce 16     ex ::= NUMTOKEN
                     TIMETOKEN shift-reduce 17     ex ::= TIMETOKEN
                      STRTOKEN shift-reduce 18     ex ::= STRTOKEN
                       NULLTOK shift-reduce 38     ex ::= NULLTOK
                          TRUE shift-reduce 39     ex ::= TRUE
                         FALSE shift-reduce 40     ex ::= FALSE
                         LSPAR shift        1      
                            ex shift        56     

State 13:
          ex ::= * NOW
          ex ::= * CURRENTTIME
          ex ::= * LPAR ex RPAR
          ex ::= * NUMTOKEN
          ex ::= * TIMETOKEN
          ex ::= * STRTOKEN
          ex ::= * IDENTIFIER
          ex ::= * TIME ex
          ex ::= * SQRT ex
          ex ::= * UPPERCASE ex
          ex ::= * MAXIMUM ex
          ex ::= * AVERAGE ex
          ex ::= * INCREASE ex
          ex ::= INCREASE * ex
          ex ::= * MINUS ex
          ex ::= * ex IS NUMBER
          ex ::= * ex IS LIST
          ex ::= * ex IS NULLTOK
          ex ::= * ex AMPERSAND ex
          ex ::= * ex RANGE ex
          ex ::= * ex PLUS ex
          ex ::= * ex MINUS ex
          ex ::= * ex TIMES ex
          ex ::= * ex DIVIDE ex
          ex ::= * ex POWER ex
          ex ::= * ex IS NOT WITHIN ex TO ex
          ex ::= * NULLTOK
          ex ::= * TRUE
          ex ::= * FALSE
          ex ::= * LSPAR RSPAR
          ex ::= * LSPAR exlist RSPAR

                          TIME shift        23     
                     UPPERCASE shift        19     
                       AVERAGE shift        15     
                      INCREASE shift        13     
                       MAXIMUM shift        17     
                         MINUS shift        11     
                          SQRT shift        21     
                    IDENTIFIER shift-reduce 19     ex ::= IDENTIFIER
                           NOW shift-reduce 13     ex ::= NOW
                   CURRENTTIME shift-reduce 14     ex ::= CURRENTTIME
                          LPAR shift        25     
                      NUMTOKEN shift-reduce 16     ex ::= NUMTOKEN
                     TIMETOKEN shift-reduce 17     ex ::= TIMETOKEN
                      STRTOKEN shift-reduce 18     ex ::= STRTOKEN
                       NULLTOK shift-reduce 38     ex ::= NULLTOK
                          TRUE shift-reduce 39     ex ::= TRUE
                         FALSE shift-reduce 40     ex ::= FALSE
                         LSPAR shift        1      
                            ex shift        45     

State 14:
          ex ::= * NOW
          ex ::= * CURRENTTIME
          ex ::= * LPAR ex RPAR
          ex ::= * NUMTOKEN
          ex ::= * TIMETOKEN
          ex ::= * STRTOKEN
          ex ::= * IDENTIFIER
          ex ::= * TIME ex
          ex ::= * SQRT ex
          ex ::= * UPPERCASE ex
          ex ::= * MAXIMUM ex
          ex ::= * AVERAGE ex
          ex ::= * INCREASE ex
          ex ::= * MINUS ex
          ex ::= * ex IS NUMBER
          ex ::= * ex IS LIST
          ex ::= * ex IS NULLTOK
          ex ::= * ex AMPERSAND ex
          ex ::= * ex RANGE ex
          ex ::= * ex PLUS ex
          ex ::= * ex MINUS ex
          ex ::= * ex TIMES ex
          ex ::= * ex DIVIDE ex
          ex ::= ex DIVIDE * ex
          ex ::= * ex POWER ex
          ex ::= * ex IS NOT WITHIN ex TO ex
          ex ::= * NULLTOK
          ex ::= * TRUE
          ex ::= * FALSE
          ex ::= * LSPAR RSPAR
          ex ::= * LSPAR exlist RSPAR

                          TIME shift        23     
                     UPPERCASE shift        19     
                       AVERAGE shift        15     
                      INCREASE shift        13     
                       MAXIMUM shift        17     
                         MINUS shift        11     
                          SQRT shift        21     
                    IDENTIFIER shift-reduce 19     ex ::= IDENTIFIER
                           NOW shift-reduce 13     ex ::= NOW
                   CURRENTTIME shift-reduce 14     ex ::= CURRENTTIME
                          LPAR shift        25     
                      NUMTOKEN shift-reduce 16     ex ::= NUMTOKEN
                     TIMETOKEN shift-reduce 17     ex ::= TIMETOKEN
                      STRTOKEN shift-reduce 18     ex ::= STRTOKEN
                       NULLTOK shift-reduce 38     ex ::= NULLTOK
                          TRUE shift-reduce 39     ex ::= TRUE
                         FALSE shift-reduce 40     ex ::= FALSE
                         LSPAR shift        1      
                            ex shift        55     

State 15:
          ex ::= * NOW
          ex ::= * CURRENTTIME
          ex ::= * LPAR ex RPAR
          ex ::= * NUMTOKEN
          ex ::= * TIMETOKEN
          ex ::= * STRTOKEN
          ex ::= * IDENTIFIER
          ex ::= * TIME ex
          ex ::= * SQRT ex
          ex ::= * UPPERCASE ex
          ex ::= * MAXIMUM ex
          ex ::= * AVERAGE ex
          ex ::= AVERAGE * ex
          ex ::= * INCREASE ex
          ex ::= * MINUS ex
          ex ::= * ex IS NUMBER
          ex ::= * ex IS LIST
          ex ::= * ex IS NULLTOK
          ex ::= * ex AMPERSAND ex
          ex ::= * ex RANGE ex
          ex ::= * ex PLUS ex
          ex ::= * ex MINUS ex
          ex ::= * ex TIMES ex
          ex ::= * ex DIVIDE ex
          ex ::= * ex POWER ex
          ex ::= * ex IS NOT WITHIN ex TO ex
          ex ::= * NULLTOK
          ex ::= * TRUE
          ex ::= * FALSE
          ex ::= * LSPAR RSPAR
          ex ::= * LSPAR exlist RSPAR

                          TIME shift        23     
                     UPPERCASE shift        19     
                       AVERAGE shift        15     
                      INCREASE shift        13     
                       MAXIMUM shift        17     
                         MINUS shift        11     
                          SQRT shift        21     
                    IDENTIFIER shift-reduce 19     ex ::= IDENTIFIER
                           NOW shift-reduce 13     ex ::= NOW
                   CURRENTTIME shift-reduce 14     ex ::= CURRENTTIME
                          LPAR shift        25     
                      NUMTOKEN shift-reduce 16     ex ::= NUMTOKEN
                     TIMETOKEN shift-reduce 17     ex ::= TIMETOKEN
                      STRTOKEN shift-reduce 18     ex ::= STRTOKEN
                       NULLTOK shift-reduce 38     ex ::= NULLTOK
                          TRUE shift-reduce 39     ex ::= TRUE
                         FALSE shift-reduce 40     ex ::= FALSE
                         LSPAR shift        1      
                            ex shift        46     

State 16:
          ex ::= * NOW
          ex ::= * CURRENTTIME
          ex ::= * LPAR ex RPAR
          ex ::= * NUMTOKEN
          ex ::= * TIMETOKEN
          ex ::= * STRTOKEN
          ex ::= * IDENTIFIER
          ex ::= * TIME ex
          ex ::= * SQRT ex
          ex ::= * UPPERCASE ex
          ex ::= * MAXIMUM ex
          ex ::= * AVERAGE ex
          ex ::= * INCREASE ex
          ex ::= * MINUS ex
          ex ::= * ex IS NUMBER
          ex ::= * ex IS LIST
          ex ::= * ex IS NULLTOK
          ex ::= * ex AMPERSAND ex
          ex ::= * ex RANGE ex
          ex ::= * ex PLUS ex
          ex ::= * ex MINUS ex
          ex ::= * ex TIMES ex
          ex ::= ex TIMES * ex
          ex ::= * ex DIVIDE ex
          ex ::= * ex POWER ex
          ex ::= * ex IS NOT WITHIN ex TO ex
          ex ::= * NULLTOK
          ex ::= * TRUE
          ex ::= * FALSE
          ex ::= * LSPAR RSPAR
          ex ::= * LSPAR exlist RSPAR

                          TIME shift        23     
                     UPPERCASE shift        19     
                       AVERAGE shift        15     
                      INCREASE shift        13     
                       MAXIMUM shift        17     
                         MINUS shift        11     
                          SQRT shift        21     
                    IDENTIFIER shift-reduce 19     ex ::= IDENTIFIER
                           NOW shift-reduce 13     ex ::= NOW
                   CURRENTTIME shift-reduce 14     ex ::= CURRENTTIME
                          LPAR shift        25     
                      NUMTOKEN shift-reduce 16     ex ::= NUMTOKEN
                     TIMETOKEN shift-reduce 17     ex ::= TIMETOKEN
                      STRTOKEN shift-reduce 18     ex ::= STRTOKEN
                       NULLTOK shift-reduce 38     ex ::= NULLTOK
                          TRUE shift-reduce 39     ex ::= TRUE
                         FALSE shift-reduce 40     ex ::= FALSE
                         LSPAR shift        1      
                            ex shift        54     

State 17:
          ex ::= * NOW
          ex ::= * CURRENTTIME
          ex ::= * LPAR ex RPAR
          ex ::= * NUMTOKEN
          ex ::= * TIMETOKEN
          ex ::= * STRTOKEN
          ex ::= * IDENTIFIER
          ex ::= * TIME ex
          ex ::= * SQRT ex
          ex ::= * UPPERCASE ex
          ex ::= * MAXIMUM ex
          ex ::= MAXIMUM * ex
          ex ::= * AVERAGE ex
          ex ::= * INCREASE ex
          ex ::= * MINUS ex
          ex ::= * ex IS NUMBER
          ex ::= * ex IS LIST
          ex ::= * ex IS NULLTOK
          ex ::= * ex AMPERSAND ex
          ex ::= * ex RANGE ex
          ex ::= * ex PLUS ex
          ex ::= * ex MINUS ex
          ex ::= * ex TIMES ex
          ex ::= * ex DIVIDE ex
          ex ::= * ex POWER ex
          ex ::= * ex IS NOT WITHIN ex TO ex
          ex ::= * NULLTOK
          ex ::= * TRUE
          ex ::= * FALSE
          ex ::= * LSPAR RSPAR
          ex ::= * LSPAR exlist RSPAR

                          TIME shift        23     
                     UPPERCASE shift        19     
                       AVERAGE shift        15     
                      INCREASE shift        13     
                       MAXIMUM shift        17     
                         MINUS shift        11     
                          SQRT shift        21     
                    IDENTIFIER shift-reduce 19     ex ::= IDENTIFIER
                           NOW shift-reduce 13     ex ::= NOW
                   CURRENTTIME shift-reduce 14     ex ::= CURRENTTIME
                          LPAR shift        25     
                      NUMTOKEN shift-reduce 16     ex ::= NUMTOKEN
                     TIMETOKEN shift-reduce 17     ex ::= TIMETOKEN
                      STRTOKEN shift-reduce 18     ex ::= STRTOKEN
                       NULLTOK shift-reduce 38     ex ::= NULLTOK
                          TRUE shift-reduce 39     ex ::= TRUE
                         FALSE shift-reduce 40     ex ::= FALSE
                         LSPAR shift        1      
                            ex shift        47     

State 18:
          ex ::= * NOW
          ex ::= * CURRENTTIME
          ex ::= * LPAR ex RPAR
          ex ::= * NUMTOKEN
          ex ::= * TIMETOKEN
          ex ::= * STRTOKEN
          ex ::= * IDENTIFIER
          ex ::= * TIME ex
          ex ::= * SQRT ex
          ex ::= * UPPERCASE ex
          ex ::= * MAXIMUM ex
          ex ::= * AVERAGE ex
          ex ::= * INCREASE ex
          ex ::= * MINUS ex
          ex ::= * ex IS NUMBER
          ex ::= * ex IS LIST
          ex ::= * ex IS NULLTOK
          ex ::= * ex AMPERSAND ex
          ex ::= * ex RANGE ex
          ex ::= * ex PLUS ex
          ex ::= * ex MINUS ex
          ex ::= ex MINUS * ex
          ex ::= * ex TIMES ex
          ex ::= * ex DIVIDE ex
          ex ::= * ex POWER ex
          ex ::= * ex IS NOT WITHIN ex TO ex
          ex ::= * NULLTOK
          ex ::= * TRUE
          ex ::= * FALSE
          ex ::= * LSPAR RSPAR
          ex ::= * LSPAR exlist RSPAR

                          TIME shift        23     
                     UPPERCASE shift        19     
                       AVERAGE shift        15     
                      INCREASE shift        13     
                       MAXIMUM shift        17     
                         MINUS shift        11     
                          SQRT shift        21     
                    IDENTIFIER shift-reduce 19     ex ::= IDENTIFIER
                           NOW shift-reduce 13     ex ::= NOW
                   CURRENTTIME shift-reduce 14     ex ::= CURRENTTIME
                          LPAR shift        25     
                      NUMTOKEN shift-reduce 16     ex ::= NUMTOKEN
                     TIMETOKEN shift-reduce 17     ex ::= TIMETOKEN
                      STRTOKEN shift-reduce 18     ex ::= STRTOKEN
                       NULLTOK shift-reduce 38     ex ::= NULLTOK
                          TRUE shift-reduce 39     ex ::= TRUE
                         FALSE shift-reduce 40     ex ::= FALSE
                         LSPAR shift        1      
                            ex shift        52     

State 19:
          ex ::= * NOW
          ex ::= * CURRENTTIME
          ex ::= * LPAR ex RPAR
          ex ::= * NUMTOKEN
          ex ::= * TIMETOKEN
          ex ::= * STRTOKEN
          ex ::= * IDENTIFIER
          ex ::= * TIME ex
          ex ::= * SQRT ex
          ex ::= * UPPERCASE ex
          ex ::= UPPERCASE * ex
          ex ::= * MAXIMUM ex
          ex ::= * AVERAGE ex
          ex ::= * INCREASE ex
          ex ::= * MINUS ex
          ex ::= * ex IS NUMBER
          ex ::= * ex IS LIST
          ex ::= * ex IS NULLTOK
          ex ::= * ex AMPERSAND ex
          ex ::= * ex RANGE ex
          ex ::= * ex PLUS ex
          ex ::= * ex MINUS ex
          ex ::= * ex TIMES ex
          ex ::= * ex DIVIDE ex
          ex ::= * ex POWER ex
          ex ::= * ex IS NOT WITHIN ex TO ex
          ex ::= * NULLTOK
          ex ::= * TRUE
          ex ::= * FALSE
          ex ::= * LSPAR RSPAR
          ex ::= * LSPAR exlist RSPAR

                          TIME shift        23     
                     UPPERCASE shift        19     
                       AVERAGE shift        15     
                      INCREASE shift        13     
                       MAXIMUM shift        17     
                         MINUS shift        11     
                          SQRT shift        21     
                    IDENTIFIER shift-reduce 19     ex ::= IDENTIFIER
                           NOW shift-reduce 13     ex ::= NOW
                   CURRENTTIME shift-reduce 14     ex ::= CURRENTTIME
                          LPAR shift        25     
                      NUMTOKEN shift-reduce 16     ex ::= NUMTOKEN
                     TIMETOKEN shift-reduce 17     ex ::= TIMETOKEN
                      STRTOKEN shift-reduce 18     ex ::= STRTOKEN
                       NULLTOK shift-reduce 38     ex ::= NULLTOK
                          TRUE shift-reduce 39     ex ::= TRUE
                         FALSE shift-reduce 40     ex ::= FALSE
                         LSPAR shift        1      
                            ex shift        48     

State 20:
          ex ::= * NOW
          ex ::= * CURRENTTIME
          ex ::= * LPAR ex RPAR
          ex ::= * NUMTOKEN
          ex ::= * TIMETOKEN
          ex ::= * STRTOKEN
          ex ::= * IDENTIFIER
          ex ::= * TIME ex
          ex ::= * SQRT ex
          ex ::= * UPPERCASE ex
          ex ::= * MAXIMUM ex
          ex ::= * AVERAGE ex
          ex ::= * INCREASE ex
          ex ::= * MINUS ex
          ex ::= * ex IS NUMBER
          ex ::= * ex IS LIST
          ex ::= * ex IS NULLTOK
          ex ::= * ex AMPERSAND ex
          ex ::= * ex RANGE ex
          ex ::= * ex PLUS ex
          ex ::= ex PLUS * ex
          ex ::= * ex MINUS ex
          ex ::= * ex TIMES ex
          ex ::= * ex DIVIDE ex
          ex ::= * ex POWER ex
          ex ::= * ex IS NOT WITHIN ex TO ex
          ex ::= * NULLTOK
          ex ::= * TRUE
          ex ::= * FALSE
          ex ::= * LSPAR RSPAR
          ex ::= * LSPAR exlist RSPAR

                          TIME shift        23     
                     UPPERCASE shift        19     
                       AVERAGE shift        15     
                      INCREASE shift        13     
                       MAXIMUM shift        17     
                         MINUS shift        11     
                          SQRT shift        21     
                    IDENTIFIER shift-reduce 19     ex ::= IDENTIFIER
                           NOW shift-reduce 13     ex ::= NOW
                   CURRENTTIME shift-reduce 14     ex ::= CURRENTTIME
                          LPAR shift        25     
                      NUMTOKEN shift-reduce 16     ex ::= NUMTOKEN
                     TIMETOKEN shift-reduce 17     ex ::= TIMETOKEN
                      STRTOKEN shift-reduce 18     ex ::= STRTOKEN
                       NULLTOK shift-reduce 38     ex ::= NULLTOK
                          TRUE shift-reduce 39     ex ::= TRUE
                         FALSE shift-reduce 40     ex ::= FALSE
                         LSPAR shift        1      
                            ex shift        51     

State 21:
          ex ::= * NOW
          ex ::= * CURRENTTIME
          ex ::= * LPAR ex RPAR
          ex ::= * NUMTOKEN
          ex ::= * TIMETOKEN
          ex ::= * STRTOKEN
          ex ::= * IDENTIFIER
          ex ::= * TIME ex
          ex ::= * SQRT ex
          ex ::= SQRT * ex
          ex ::= * UPPERCASE ex
          ex ::= * MAXIMUM ex
          ex ::= * AVERAGE ex
          ex ::= * INCREASE ex
          ex ::= * MINUS ex
          ex ::= * ex IS NUMBER
          ex ::= * ex IS LIST
          ex ::= * ex IS NULLTOK
          ex ::= * ex AMPERSAND ex
          ex ::= * ex RANGE ex
          ex ::= * ex PLUS ex
          ex ::= * ex MINUS ex
          ex ::= * ex TIMES ex
          ex ::= * ex DIVIDE ex
          ex ::= * ex POWER ex
          ex ::= * ex IS NOT WITHIN ex TO ex
          ex ::= * NULLTOK
          ex ::= * TRUE
          ex ::= * FALSE
          ex ::= * LSPAR RSPAR
          ex ::= * LSPAR exlist RSPAR

                          TIME shift        23     
                     UPPERCASE shift        19     
                       AVERAGE shift        15     
                      INCREASE shift        13     
                       MAXIMUM shift        17     
                         MINUS shift        11     
                          SQRT shift        21     
                    IDENTIFIER shift-reduce 19     ex ::= IDENTIFIER
                           NOW shift-reduce 13     ex ::= NOW
                   CURRENTTIME shift-reduce 14     ex ::= CURRENTTIME
                          LPAR shift        25     
                      NUMTOKEN shift-reduce 16     ex ::= NUMTOKEN
                     TIMETOKEN shift-reduce 17     ex ::= TIMETOKEN
                      STRTOKEN shift-reduce 18     ex ::= STRTOKEN
                       NULLTOK shift-reduce 38     ex ::= NULLTOK
                          TRUE shift-reduce 39     ex ::= TRUE
                         FALSE shift-reduce 40     ex ::= FALSE
                         LSPAR shift        1      
                            ex shift        59     

State 22:
          ex ::= * NOW
          ex ::= * CURRENTTIME
          ex ::= * LPAR ex RPAR
          ex ::= * NUMTOKEN
          ex ::= * TIMETOKEN
          ex ::= * STRTOKEN
          ex ::= * IDENTIFIER
          ex ::= * TIME ex
          ex ::= * SQRT ex
          ex ::= * UPPERCASE ex
          ex ::= * MAXIMUM ex
          ex ::= * AVERAGE ex
          ex ::= * INCREASE ex
          ex ::= * MINUS ex
          ex ::= * ex IS NUMBER
          ex ::= * ex IS LIST
          ex ::= * ex IS NULLTOK
          ex ::= * ex AMPERSAND ex
          ex ::= * ex RANGE ex
          ex ::= ex RANGE * ex
          ex ::= * ex PLUS ex
          ex ::= * ex MINUS ex
          ex ::= * ex TIMES ex
          ex ::= * ex DIVIDE ex
          ex ::= * ex POWER ex
          ex ::= * ex IS NOT WITHIN ex TO ex
          ex ::= * NULLTOK
          ex ::= * TRUE
          ex ::= * FALSE
          ex ::= * LSPAR RSPAR
          ex ::= * LSPAR exlist RSPAR

                          TIME shift        23     
                     UPPERCASE shift        19     
                       AVERAGE shift        15     
                      INCREASE shift        13     
                       MAXIMUM shift        17     
                         MINUS shift        11     
                          SQRT shift        21     
                    IDENTIFIER shift-reduce 19     ex ::= IDENTIFIER
                           NOW shift-reduce 13     ex ::= NOW
                   CURRENTTIME shift-reduce 14     ex ::= CURRENTTIME
                          LPAR shift        25     
                      NUMTOKEN shift-reduce 16     ex ::= NUMTOKEN
                     TIMETOKEN shift-reduce 17     ex ::= TIMETOKEN
                      STRTOKEN shift-reduce 18     ex ::= STRTOKEN
                       NULLTOK shift-reduce 38     ex ::= NULLTOK
                          TRUE shift-reduce 39     ex ::= TRUE
                         FALSE shift-reduce 40     ex ::= FALSE
                         LSPAR shift        1      
                            ex shift-reduce 31     ex ::= ex RANGE ex

State 23:
          ex ::= * NOW
          ex ::= * CURRENTTIME
          ex ::= * LPAR ex RPAR
          ex ::= * NUMTOKEN
          ex ::= * TIMETOKEN
          ex ::= * STRTOKEN
          ex ::= * IDENTIFIER
          ex ::= * TIME ex
          ex ::= TIME * ex
          ex ::= * SQRT ex
          ex ::= * UPPERCASE ex
          ex ::= * MAXIMUM ex
          ex ::= * AVERAGE ex
          ex ::= * INCREASE ex
          ex ::= * MINUS ex
          ex ::= * ex IS NUMBER
          ex ::= * ex IS LIST
          ex ::= * ex IS NULLTOK
          ex ::= * ex AMPERSAND ex
          ex ::= * ex RANGE ex
          ex ::= * ex PLUS ex
          ex ::= * ex MINUS ex
          ex ::= * ex TIMES ex
          ex ::= * ex DIVIDE ex
          ex ::= * ex POWER ex
          ex ::= * ex IS NOT WITHIN ex TO ex
          ex ::= * NULLTOK
          ex ::= * TRUE
          ex ::= * FALSE
          ex ::= * LSPAR RSPAR
          ex ::= * LSPAR exlist RSPAR

                          TIME shift        23     
                     UPPERCASE shift        19     
                       AVERAGE shift        15     
                      INCREASE shift        13     
                       MAXIMUM shift        17     
                         MINUS shift        11     
                          SQRT shift        21     
                    IDENTIFIER shift-reduce 19     ex ::= IDENTIFIER
                           NOW shift-reduce 13     ex ::= NOW
                   CURRENTTIME shift-reduce 14     ex ::= CURRENTTIME
                          LPAR shift        25     
                      NUMTOKEN shift-reduce 16     ex ::= NUMTOKEN
                     TIMETOKEN shift-reduce 17     ex ::= TIMETOKEN
                      STRTOKEN shift-reduce 18     ex ::= STRTOKEN
                       NULLTOK shift-reduce 38     ex ::= NULLTOK
                          TRUE shift-reduce 39     ex ::= TRUE
                         FALSE shift-reduce 40     ex ::= FALSE
                         LSPAR shift        1      
                            ex shift        49     

State 24:
          ex ::= * NOW
          ex ::= * CURRENTTIME
          ex ::= * LPAR ex RPAR
          ex ::= * NUMTOKEN
          ex ::= * TIMETOKEN
          ex ::= * STRTOKEN
          ex ::= * IDENTIFIER
          ex ::= * TIME ex
          ex ::= * SQRT ex
          ex ::= * UPPERCASE ex
          ex ::= * MAXIMUM ex
          ex ::= * AVERAGE ex
          ex ::= * INCREASE ex
          ex ::= * MINUS ex
          ex ::= * ex IS NUMBER
          ex ::= * ex IS LIST
          ex ::= * ex IS NULLTOK
          ex ::= * ex AMPERSAND ex
          ex ::= ex AMPERSAND * ex
          ex ::= * ex RANGE ex
          ex ::= * ex PLUS ex
          ex ::= * ex MINUS ex
          ex ::= * ex TIMES ex
          ex ::= * ex DIVIDE ex
          ex ::= * ex POWER ex
          ex ::= * ex IS NOT WITHIN ex TO ex
          ex ::= * NULLTOK
          ex ::= * TRUE
          ex ::= * FALSE
          ex ::= * LSPAR RSPAR
          ex ::= * LSPAR exlist RSPAR

                          TIME shift        23     
                     UPPERCASE shift        19     
                       AVERAGE shift        15     
                      INCREASE shift        13     
                       MAXIMUM shift        17     
                         MINUS shift        11     
                          SQRT shift        21     
                    IDENTIFIER shift-reduce 19     ex ::= IDENTIFIER
                           NOW shift-reduce 13     ex ::= NOW
                   CURRENTTIME shift-reduce 14     ex ::= CURRENTTIME
                          LPAR shift        25     
                      NUMTOKEN shift-reduce 16     ex ::= NUMTOKEN
                     TIMETOKEN shift-reduce 17     ex ::= TIMETOKEN
                      STRTOKEN shift-reduce 18     ex ::= STRTOKEN
                       NULLTOK shift-reduce 38     ex ::= NULLTOK
                          TRUE shift-reduce 39     ex ::= TRUE
                         FALSE shift-reduce 40     ex ::= FALSE
                         LSPAR shift        1      
                            ex shift        50     

State 25:
          ex ::= * NOW
          ex ::= * CURRENTTIME
          ex ::= * LPAR ex RPAR
          ex ::= LPAR * ex RPAR
          ex ::= * NUMTOKEN
          ex ::= * TIMETOKEN
          ex ::= * STRTOKEN
          ex ::= * IDENTIFIER
          ex ::= * TIME ex
          ex ::= * SQRT ex
          ex ::= * UPPERCASE ex
          ex ::= * MAXIMUM ex
          ex ::= * AVERAGE ex
          ex ::= * INCREASE ex
          ex ::= * MINUS ex
          ex ::= * ex IS NUMBER
          ex ::= * ex IS LIST
          ex ::= * ex IS NULLTOK
          ex ::= * ex AMPERSAND ex
          ex ::= * ex RANGE ex
          ex ::= * ex PLUS ex
          ex ::= * ex MINUS ex
          ex ::= * ex TIMES ex
          ex ::= * ex DIVIDE ex
          ex ::= * ex POWER ex
          ex ::= * ex IS NOT WITHIN ex TO ex
          ex ::= * NULLTOK
          ex ::= * TRUE
          ex ::= * FALSE
          ex ::= * LSPAR RSPAR
          ex ::= * LSPAR exlist RSPAR

                          TIME shift        23     
                     UPPERCASE shift        19     
                       AVERAGE shift        15     
                      INCREASE shift        13     
                       MAXIMUM shift        17     
                         MINUS shift        11     
                          SQRT shift        21     
                    IDENTIFIER shift-reduce 19     ex ::= IDENTIFIER
                           NOW shift-reduce 13     ex ::= NOW
                   CURRENTTIME shift-reduce 14     ex ::= CURRENTTIME
                          LPAR shift        25     
                      NUMTOKEN shift-reduce 16     ex ::= NUMTOKEN
                     TIMETOKEN shift-reduce 17     ex ::= TIMETOKEN
                      STRTOKEN shift-reduce 18     ex ::= STRTOKEN
                       NULLTOK shift-reduce 38     ex ::= NULLTOK
                          TRUE shift-reduce 39     ex ::= TRUE
                         FALSE shift-reduce 40     ex ::= FALSE
                         LSPAR shift        1      
                            ex shift        40     

State 26:
          ex ::= * NOW
          ex ::= * CURRENTTIME
          ex ::= * LPAR ex RPAR
          ex ::= * NUMTOKEN
          ex ::= * TIMETOKEN
          ex ::= * STRTOKEN
          ex ::= * IDENTIFIER
          ex ::= * TIME ex
          ex ::= * SQRT ex
          ex ::= * UPPERCASE ex
          ex ::= * MAXIMUM ex
          ex ::= * AVERAGE ex
          ex ::= * INCREASE ex
          ex ::= * MINUS ex
          ex ::= * ex IS NUMBER
          ex ::= * ex IS LIST
          ex ::= * ex IS NULLTOK
          ex ::= * ex AMPERSAND ex
          ex ::= * ex RANGE ex
          ex ::= * ex PLUS ex
          ex ::= * ex MINUS ex
          ex ::= * ex TIMES ex
          ex ::= * ex DIVIDE ex
          ex ::= * ex POWER ex
          ex ::= * ex IS NOT WITHIN ex TO ex
          ex ::= ex IS NOT WITHIN * ex TO ex
          ex ::= * NULLTOK
          ex ::= * TRUE
          ex ::= * FALSE
          ex ::= * LSPAR RSPAR
          ex ::= * LSPAR exlist RSPAR

                          TIME shift        23     
                     UPPERCASE shift        19     
                       AVERAGE shift        15     
                      INCREASE shift        13     
                       MAXIMUM shift        17     
                         MINUS shift        11     
                          SQRT shift        21     
                    IDENTIFIER shift-reduce 19     ex ::= IDENTIFIER
                           NOW shift-reduce 13     ex ::= NOW
                   CURRENTTIME shift-reduce 14     ex ::= CURRENTTIME
                          LPAR shift        25     
                      NUMTOKEN shift-reduce 16     ex ::= NUMTOKEN
                     TIMETOKEN shift-reduce 17     ex ::= TIMETOKEN
                      STRTOKEN shift-reduce 18     ex ::= STRTOKEN
                       NULLTOK shift-reduce 38     ex ::= NULLTOK
                          TRUE shift-reduce 39     ex ::= TRUE
                         FALSE shift-reduce 40     ex ::= FALSE
                         LSPAR shift        1      
                            ex shift        39     

State 27:
          statement ::= WRITE * ex SEMICOLON
          ex ::= * NOW
          ex ::= * CURRENTTIME
          ex ::= * LPAR ex RPAR
          ex ::= * NUMTOKEN
          ex ::= * TIMETOKEN
          ex ::= * STRTOKEN
          ex ::= * IDENTIFIER
          ex ::= * TIME ex
          ex ::= * SQRT ex
          ex ::= * UPPERCASE ex
          ex ::= * MAXIMUM ex
          ex ::= * AVERAGE ex
          ex ::= * INCREASE ex
          ex ::= * MINUS ex
          ex ::= * ex IS NUMBER
          ex ::= * ex IS LIST
          ex ::= * ex IS NULLTOK
          ex ::= * ex AMPERSAND ex
          ex ::= * ex RANGE ex
          ex ::= * ex PLUS ex
          ex ::= * ex MINUS ex
          ex ::= * ex TIMES ex
          ex ::= * ex DIVIDE ex
          ex ::= * ex POWER ex
          ex ::= * ex IS NOT WITHIN ex TO ex
          ex ::= * NULLTOK
          ex ::= * TRUE
          ex ::= * FALSE
          ex ::= * LSPAR RSPAR
          ex ::= * LSPAR exlist RSPAR

                          TIME shift        23     
                     UPPERCASE shift        19     
                       AVERAGE shift        15     
                      INCREASE shift        13     
                       MAXIMUM shift        17     
                         MINUS shift        11     
                          SQRT shift        21     
                    IDENTIFIER shift-reduce 19     ex ::= IDENTIFIER
                           NOW shift-reduce 13     ex ::= NOW
                   CURRENTTIME shift-reduce 14     ex ::= CURRENTTIME
                          LPAR shift        25     
                      NUMTOKEN shift-reduce 16     ex ::= NUMTOKEN
                     TIMETOKEN shift-reduce 17     ex ::= TIMETOKEN
                      STRTOKEN shift-reduce 18     ex ::= STRTOKEN
                       NULLTOK shift-reduce 38     ex ::= NULLTOK
                          TRUE shift-reduce 39     ex ::= TRUE
                         FALSE shift-reduce 40     ex ::= FALSE
                         LSPAR shift        1      
                            ex shift        41     

State 28:
          statementblock ::= statementblock * statement
          statement ::= * WRITE ex SEMICOLON
          statement ::= * TRACE ex SEMICOLON
          statement ::= * IDENTIFIER ASSIGN ex SEMICOLON
          statement ::= * IF if_then_else
          statement ::= * FOR IDENTIFIER IN ex DO statementblock ENDDO SEMICOLON
          statement ::= FOR IDENTIFIER IN ex DO statementblock * ENDDO SEMICOLON
          statement ::= * TIME IDENTIFIER ASSIGN ex SEMICOLON

                          TIME shift        61     
                         WRITE shift        27     
                         TRACE shift        8      
                    IDENTIFIER shift        67     
                            IF shift        3      
                           FOR shift        64     
                         ENDDO shift        62     
                     statement shift-reduce 2      statementblock ::= statementblock statement

State 29:
          statementblock ::= statementblock * statement
          statement ::= * WRITE ex SEMICOLON
          statement ::= * TRACE ex SEMICOLON
          statement ::= * IDENTIFIER ASSIGN ex SEMICOLON
          statement ::= * IF if_then_else
          elseif ::= ELSE statementblock * ENDIF SEMICOLON
          statement ::= * FOR IDENTIFIER IN ex DO statementblock ENDDO SEMICOLON
          statement ::= * TIME IDENTIFIER ASSIGN ex SEMICOLON

                          TIME shift        61     
                         WRITE shift        27     
                         TRACE shift        8      
                    IDENTIFIER shift        67     
                            IF shift        3      
                         ENDIF shift        65     
                           FOR shift        64     
                     statement shift-reduce 2      statementblock ::= statementblock statement

State 30:
      (0) code ::= statementblock *
          statementblock ::= statementblock * statement
          statement ::= * WRITE ex SEMICOLON
          statement ::= * TRACE ex SEMICOLON
          statement ::= * IDENTIFIER ASSIGN ex SEMICOLON
          statement ::= * IF if_then_else
          statement ::= * FOR IDENTIFIER IN ex DO statementblock ENDDO SEMICOLON
          statement ::= * TIME IDENTIFIER ASSIGN ex SEMICOLON

                             $ reduce       0      code ::= statementblock
                          TIME shift        61     
                         WRITE shift        27     
                         TRACE shift        8      
                    IDENTIFIER shift        67     
                            IF shift        3      
                           FOR shift        64     
                     statement shift-reduce 2      statementblock ::= statementblock statement

State 31:
      (1) statementblock ::= *
          statementblock ::= * statementblock statement
          statement ::= FOR IDENTIFIER IN ex DO * statementblock ENDDO SEMICOLON

                statementblock shift        28     
                     {default} reduce       1      statementblock ::=

State 32:
      (1) statementblock ::= *
          statementblock ::= * statementblock statement
          elseif ::= ELSE * statementblock ENDIF SEMICOLON

                statementblock shift        29     
                     {default} reduce       1      statementblock ::=

State 33:
      (1) statementblock ::= *
          statementblock ::= * statementblock statement
          if_then_else ::= ex THEN * statementblock elseif

                statementblock shift        4      
                     {default} reduce       1      statementblock ::=

State 34:
          statement ::= TIME IDENTIFIER ASSIGN ex * SEMICOLON
          ex ::= ex * IS NUMBER
          ex ::= ex * IS LIST
          ex ::= ex * IS NULLTOK
          ex ::= ex * AMPERSAND ex
          ex ::= ex * RANGE ex
          ex ::= ex * PLUS ex
          ex ::= ex * MINUS ex
          ex ::= ex * TIMES ex
          ex ::= ex * DIVIDE ex
          ex ::= ex * POWER ex
          ex ::= ex * IS NOT WITHIN ex TO ex

                            IS shift        53     
                     AMPERSAND shift        24     
                          PLUS shift        20     
                         MINUS shift        18     
                         TIMES shift        16     
                        DIVIDE shift        14     
                         POWER shift        12     
                         RANGE shift        22     
                     SEMICOLON shift-reduce 12     statement ::= TIME IDENTIFIER ASSIGN ex SEMICOLON

State 35:
          statement ::= FOR IDENTIFIER IN ex * DO statementblock ENDDO SEMICOLON
          ex ::= ex * IS NUMBER
          ex ::= ex * IS LIST
          ex ::= ex * IS NULLTOK
          ex ::= ex * AMPERSAND ex
          ex ::= ex * RANGE ex
          ex ::= ex * PLUS ex
          ex ::= ex * MINUS ex
          ex ::= ex * TIMES ex
          ex ::= ex * DIVIDE ex
          ex ::= ex * POWER ex
          ex ::= ex * IS NOT WITHIN ex TO ex

                            IS shift        53     
                     AMPERSAND shift        24     
                          PLUS shift        20     
                         MINUS shift        18     
                         TIMES shift        16     
                        DIVIDE shift        14     
                         POWER shift        12     
                         RANGE shift        22     
                            DO shift        31     

State 36:
          if_then_else ::= ex * THEN statementblock elseif
          ex ::= ex * IS NUMBER
          ex ::= ex * IS LIST
          ex ::= ex * IS NULLTOK
          ex ::= ex * AMPERSAND ex
          ex ::= ex * RANGE ex
          ex ::= ex * PLUS ex
          ex ::= ex * MINUS ex
          ex ::= ex * TIMES ex
          ex ::= ex * DIVIDE ex
          ex ::= ex * POWER ex
          ex ::= ex * IS NOT WITHIN ex TO ex

                            IS shift        53     
                     AMPERSAND shift        24     
                          PLUS shift        20     
                         MINUS shift        18     
                         TIMES shift        16     
                        DIVIDE shift        14     
                         POWER shift        12     
                         RANGE shift        22     
                          THEN shift        33     

State 37:
          statement ::= IDENTIFIER ASSIGN ex * SEMICOLON
          ex ::= ex * IS NUMBER
          ex ::= ex * IS LIST
          ex ::= ex * IS NULLTOK
          ex ::= ex * AMPERSAND ex
          ex ::= ex * RANGE ex
          ex ::= ex * PLUS ex
          ex ::= ex * MINUS ex
          ex ::= ex * TIMES ex
          ex ::= ex * DIVIDE ex
          ex ::= ex * POWER ex
          ex ::= ex * IS NOT WITHIN ex TO ex

                            IS shift        53     
                     AMPERSAND shift        24     
                          PLUS shift        20     
                         MINUS shift        18     
                         TIMES shift        16     
                        DIVIDE shift        14     
                         POWER shift        12     
                         RANGE shift        22     
                     SEMICOLON shift-reduce 5      statement ::= IDENTIFIER ASSIGN ex SEMICOLON

State 38:
          statement ::= TRACE ex * SEMICOLON
          ex ::= ex * IS NUMBER
          ex ::= ex * IS LIST
          ex ::= ex * IS NULLTOK
          ex ::= ex * AMPERSAND ex
          ex ::= ex * RANGE ex
          ex ::= ex * PLUS ex
          ex ::= ex * MINUS ex
          ex ::= ex * TIMES ex
          ex ::= ex * DIVIDE ex
          ex ::= ex * POWER ex
          ex ::= ex * IS NOT WITHIN ex TO ex

                            IS shift        53     
                     AMPERSAND shift        24     
                          PLUS shift        20     
                         MINUS shift        18     
                         TIMES shift        16     
                        DIVIDE shift        14     
                         POWER shift        12     
                         RANGE shift        22     
                     SEMICOLON shift-reduce 4      statement ::= TRACE ex SEMICOLON

State 39:
          ex ::= ex * IS NUMBER
          ex ::= ex * IS LIST
          ex ::= ex * IS NULLTOK
          ex ::= ex * AMPERSAND ex
          ex ::= ex * RANGE ex
          ex ::= ex * PLUS ex
          ex ::= ex * MINUS ex
          ex ::= ex * TIMES ex
          ex ::= ex * DIVIDE ex
          ex ::= ex * POWER ex
          ex ::= ex * IS NOT WITHIN ex TO ex
          ex ::= ex IS NOT WITHIN ex * TO ex

                            IS shift        53     
                     AMPERSAND shift        24     
                          PLUS shift        20     
                         MINUS shift        18     
                         TIMES shift        16     
                        DIVIDE shift        14     
                         POWER shift        12     
                         RANGE shift        22     
                            TO shift        9      

State 40:
          ex ::= LPAR ex * RPAR
          ex ::= ex * IS NUMBER
          ex ::= ex * IS LIST
          ex ::= ex * IS NULLTOK
          ex ::= ex * AMPERSAND ex
          ex ::= ex * RANGE ex
          ex ::= ex * PLUS ex
          ex ::= ex * MINUS ex
          ex ::= ex * TIMES ex
          ex ::= ex * DIVIDE ex
          ex ::= ex * POWER ex
          ex ::= ex * IS NOT WITHIN ex TO ex

                            IS shift        53     
                     AMPERSAND shift        24     
                          PLUS shift        20     
                         MINUS shift        18     
                         TIMES shift        16     
                        DIVIDE shift        14     
                         POWER shift        12     
                         RANGE shift        22     
                          RPAR shift-reduce 15     ex ::= LPAR ex RPAR

State 41:
          statement ::= WRITE ex * SEMICOLON
          ex ::= ex * IS NUMBER
          ex ::= ex * IS LIST
          ex ::= ex * IS NULLTOK
          ex ::= ex * AMPERSAND ex
          ex ::= ex * RANGE ex
          ex ::= ex * PLUS ex
          ex ::= ex * MINUS ex
          ex ::= ex * TIMES ex
          ex ::= ex * DIVIDE ex
          ex ::= ex * POWER ex
          ex ::= ex * IS NOT WITHIN ex TO ex

                            IS shift        53     
                     AMPERSAND shift        24     
                          PLUS shift        20     
                         MINUS shift        18     
                         TIMES shift        16     
                        DIVIDE shift        14     
                         POWER shift        12     
                         RANGE shift        22     
                     SEMICOLON shift-reduce 3      statement ::= WRITE ex SEMICOLON

State 42:
          ex ::= ex * IS NUMBER
          ex ::= ex * IS LIST
          ex ::= ex * IS NULLTOK
          ex ::= ex * AMPERSAND ex
          ex ::= ex * RANGE ex
          ex ::= ex * PLUS ex
          ex ::= ex * MINUS ex
          ex ::= ex * TIMES ex
          ex ::= ex * DIVIDE ex
          ex ::= ex * POWER ex
          ex ::= ex * IS NOT WITHIN ex TO ex
     (37) ex ::= ex IS NOT WITHIN ex TO ex *

                            IS shift        53     
                     AMPERSAND shift        24     
                          PLUS shift        20     
                         MINUS shift        18     
                         TIMES shift        16     
                        DIVIDE shift        14     
                         POWER shift        12     
                         RANGE shift        22     
                     {default} reduce       37     ex ::= ex IS NOT WITHIN ex TO ex

State 43:
          ex ::= ex * IS NUMBER
          ex ::= ex * IS LIST
          ex ::= ex * IS NULLTOK
          ex ::= ex * AMPERSAND ex
          ex ::= ex * RANGE ex
          ex ::= ex * PLUS ex
          ex ::= ex * MINUS ex
          ex ::= ex * TIMES ex
          ex ::= ex * DIVIDE ex
          ex ::= ex * POWER ex
          ex ::= ex * IS NOT WITHIN ex TO ex
     (44) exlist ::= exlist COMMA ex *

                            IS shift        53     
                     AMPERSAND shift        24     
                          PLUS shift        20     
                         MINUS shift        18     
                         TIMES shift        16     
                        DIVIDE shift        14     
                         POWER shift        12     
                         RANGE shift        22     
                     {default} reduce       44     exlist ::= exlist COMMA ex

State 44:
          ex ::= ex * IS NUMBER
          ex ::= ex * IS LIST
          ex ::= ex * IS NULLTOK
          ex ::= ex * AMPERSAND ex
          ex ::= ex * RANGE ex
          ex ::= ex * PLUS ex
          ex ::= ex * MINUS ex
          ex ::= ex * TIMES ex
          ex ::= ex * DIVIDE ex
          ex ::= ex * POWER ex
          ex ::= ex * IS NOT WITHIN ex TO ex
     (43) exlist ::= ex *

                            IS shift        53     
                     AMPERSAND shift        24     
                          PLUS shift        20     
                         MINUS shift        18     
                         TIMES shift        16     
                        DIVIDE shift        14     
                         POWER shift        12     
                         RANGE shift        22     
                     {default} reduce       43     exlist ::= ex

State 45:
     (25) ex ::= INCREASE ex *
          ex ::= ex * IS NUMBER
          ex ::= ex * IS LIST
          ex ::= ex * IS NULLTOK
          ex ::= ex * AMPERSAND ex
          ex ::= ex * RANGE ex
          ex ::= ex * PLUS ex
          ex ::= ex * MINUS ex
          ex ::= ex * TIMES ex
          ex ::= ex * DIVIDE ex
          ex ::= ex * POWER ex
          ex ::= ex * IS NOT WITHIN ex TO ex

                            IS shift        53     
                     AMPERSAND shift        24     
                          PLUS shift        20     
                         MINUS shift        18     
                         TIMES shift        16     
                        DIVIDE shift        14     
                         POWER shift        12     
                         RANGE shift        22     
                     {default} reduce       25     ex ::= INCREASE ex

State 46:
     (24) ex ::= AVERAGE ex *
          ex ::= ex * IS NUMBER
          ex ::= ex * IS LIST
          ex ::= ex * IS NULLTOK
          ex ::= ex * AMPERSAND ex
          ex ::= ex * RANGE ex
          ex ::= ex * PLUS ex
          ex ::= ex * MINUS ex
          ex ::= ex * TIMES ex
          ex ::= ex * DIVIDE ex
          ex ::= ex * POWER ex
          ex ::= ex * IS NOT WITHIN ex TO ex

                            IS shift        53     
                     AMPERSAND shift        24     
                          PLUS shift        20     
                         MINUS shift        18     
                         TIMES shift        16     
                        DIVIDE shift        14     
                         POWER shift        12     
                         RANGE shift        22     
                     {default} reduce       24     ex ::= AVERAGE ex

State 47:
     (23) ex ::= MAXIMUM ex *
          ex ::= ex * IS NUMBER
          ex ::= ex * IS LIST
          ex ::= ex * IS NULLTOK
          ex ::= ex * AMPERSAND ex
          ex ::= ex * RANGE ex
          ex ::= ex * PLUS ex
          ex ::= ex * MINUS ex
          ex ::= ex * TIMES ex
          ex ::= ex * DIVIDE ex
          ex ::= ex * POWER ex
          ex ::= ex * IS NOT WITHIN ex TO ex

                            IS shift        53     
                     AMPERSAND shift        24     
                          PLUS shift        20     
                         MINUS shift        18     
                         TIMES shift        16     
                        DIVIDE shift        14     
                         POWER shift        12     
                         RANGE shift        22     
                     {default} reduce       23     ex ::= MAXIMUM ex

State 48:
     (22) ex ::= UPPERCASE ex *
          ex ::= ex * IS NUMBER
          ex ::= ex * IS LIST
          ex ::= ex * IS NULLTOK
          ex ::= ex * AMPERSAND ex
          ex ::= ex * RANGE ex
          ex ::= ex * PLUS ex
          ex ::= ex * MINUS ex
          ex ::= ex * TIMES ex
          ex ::= ex * DIVIDE ex
          ex ::= ex * POWER ex
          ex ::= ex * IS NOT WITHIN ex TO ex

                            IS shift        53     
                     AMPERSAND shift        24     
                          PLUS shift        20     
                         MINUS shift        18     
                         TIMES shift        16     
                        DIVIDE shift        14     
                         POWER shift        12     
                         RANGE shift        22     
                     {default} reduce       22     ex ::= UPPERCASE ex

State 49:
     (20) ex ::= TIME ex *
          ex ::= ex * IS NUMBER
          ex ::= ex * IS LIST
          ex ::= ex * IS NULLTOK
          ex ::= ex * AMPERSAND ex
          ex ::= ex * RANGE ex
          ex ::= ex * PLUS ex
          ex ::= ex * MINUS ex
          ex ::= ex * TIMES ex
          ex ::= ex * DIVIDE ex
          ex ::= ex * POWER ex
          ex ::= ex * IS NOT WITHIN ex TO ex

                            IS shift        53     
                     AMPERSAND shift        24     
                          PLUS shift        20     
                         MINUS shift        18     
                         TIMES shift        16     
                        DIVIDE shift        14     
                         POWER shift        12     
                         RANGE shift        22     
                     {default} reduce       20     ex ::= TIME ex

State 50:
          ex ::= ex * IS NUMBER
          ex ::= ex * IS LIST
          ex ::= ex * IS NULLTOK
          ex ::= ex * AMPERSAND ex
     (30) ex ::= ex AMPERSAND ex *
          ex ::= ex * RANGE ex
          ex ::= ex * PLUS ex
          ex ::= ex * MINUS ex
          ex ::= ex * TIMES ex
          ex ::= ex * DIVIDE ex
          ex ::= ex * POWER ex
          ex ::= ex * IS NOT WITHIN ex TO ex

                          PLUS shift        20     
                         MINUS shift        18     
                         TIMES shift        16     
                        DIVIDE shift        14     
                         POWER shift        12     
                         RANGE shift        22     
                     {default} reduce       30     ex ::= ex AMPERSAND ex

State 51:
          ex ::= ex * IS NUMBER
          ex ::= ex * IS LIST
          ex ::= ex * IS NULLTOK
          ex ::= ex * AMPERSAND ex
          ex ::= ex * RANGE ex
          ex ::= ex * PLUS ex
     (32) ex ::= ex PLUS ex *
          ex ::= ex * MINUS ex
          ex ::= ex * TIMES ex
          ex ::= ex * DIVIDE ex
          ex ::= ex * POWER ex
          ex ::= ex * IS NOT WITHIN ex TO ex

                         TIMES shift        16     
                        DIVIDE shift        14     
                         POWER shift        12     
                         RANGE shift        22     
                     {default} reduce       32     ex ::= ex PLUS ex

State 52:
          ex ::= ex * IS NUMBER
          ex ::= ex * IS LIST
          ex ::= ex * IS NULLTOK
          ex ::= ex * AMPERSAND ex
          ex ::= ex * RANGE ex
          ex ::= ex * PLUS ex
          ex ::= ex * MINUS ex
     (33) ex ::= ex MINUS ex *
          ex ::= ex * TIMES ex
          ex ::= ex * DIVIDE ex
          ex ::= ex * POWER ex
          ex ::= ex * IS NOT WITHIN ex TO ex

                         TIMES shift        16     
                        DIVIDE shift        14     
                         POWER shift        12     
                         RANGE shift        22     
                     {default} reduce       33     ex ::= ex MINUS ex

State 53:
          ex ::= ex IS * NUMBER
          ex ::= ex IS * LIST
          ex ::= ex IS * NULLTOK
          ex ::= ex IS * NOT WITHIN ex TO ex

                        NUMBER shift-reduce 27     ex ::= ex IS NUMBER
                          LIST shift-reduce 28     ex ::= ex IS LIST
                       NULLTOK shift-reduce 29     ex ::= ex IS NULLTOK
                           NOT shift        68     

State 54:
          ex ::= ex * IS NUMBER
          ex ::= ex * IS LIST
          ex ::= ex * IS NULLTOK
          ex ::= ex * AMPERSAND ex
          ex ::= ex * RANGE ex
          ex ::= ex * PLUS ex
          ex ::= ex * MINUS ex
          ex ::= ex * TIMES ex
     (34) ex ::= ex TIMES ex *
          ex ::= ex * DIVIDE ex
          ex ::= ex * POWER ex
          ex ::= ex * IS NOT WITHIN ex TO ex

                         POWER shift        12     
                         RANGE shift        22     
                     {default} reduce       34     ex ::= ex TIMES ex

State 55:
          ex ::= ex * IS NUMBER
          ex ::= ex * IS LIST
          ex ::= ex * IS NULLTOK
          ex ::= ex * AMPERSAND ex
          ex ::= ex * RANGE ex
          ex ::= ex * PLUS ex
          ex ::= ex * MINUS ex
          ex ::= ex * TIMES ex
          ex ::= ex * DIVIDE ex
     (35) ex ::= ex DIVIDE ex *
          ex ::= ex * POWER ex
          ex ::= ex * IS NOT WITHIN ex TO ex

                         POWER shift        12     
                         RANGE shift        22     
                     {default} reduce       35     ex ::= ex DIVIDE ex

State 56:
          ex ::= ex * IS NUMBER
          ex ::= ex * IS LIST
          ex ::= ex * IS NULLTOK
          ex ::= ex * AMPERSAND ex
          ex ::= ex * RANGE ex
          ex ::= ex * PLUS ex
          ex ::= ex * MINUS ex
          ex ::= ex * TIMES ex
          ex ::= ex * DIVIDE ex
          ex ::= ex * POWER ex
     (36) ex ::= ex POWER ex *
          ex ::= ex * IS NOT WITHIN ex TO ex

                         POWER shift        12     
                         RANGE shift        22     
                     {default} reduce       36     ex ::= ex POWER ex

State 57:
          ex ::= LSPAR exlist * RSPAR
          exlist ::= exlist * COMMA ex

                         RSPAR shift-reduce 42     ex ::= LSPAR exlist RSPAR
                         COMMA shift        10     

State 58:
     (26) ex ::= MINUS ex *
          ex ::= ex * IS NUMBER
          ex ::= ex * IS LIST
          ex ::= ex * IS NULLTOK
          ex ::= ex * AMPERSAND ex
          ex ::= ex * RANGE ex
          ex ::= ex * PLUS ex
          ex ::= ex * MINUS ex
          ex ::= ex * TIMES ex
          ex ::= ex * DIVIDE ex
          ex ::= ex * POWER ex
          ex ::= ex * IS NOT WITHIN ex TO ex

                         POWER shift        12     
                         RANGE shift        22     
                     {default} reduce       26     ex ::= MINUS ex

State 59:
     (21) ex ::= SQRT ex *
          ex ::= ex * IS NUMBER
          ex ::= ex * IS LIST
          ex ::= ex * IS NULLTOK
          ex ::= ex * AMPERSAND ex
          ex ::= ex * RANGE ex
          ex ::= ex * PLUS ex
          ex ::= ex * MINUS ex
          ex ::= ex * TIMES ex
          ex ::= ex * DIVIDE ex
          ex ::= ex * POWER ex
          ex ::= ex * IS NOT WITHIN ex TO ex

                         POWER shift        12     
                         RANGE shift        22     
                     {default} reduce       21     ex ::= SQRT ex

State 60:
          statement ::= TIME IDENTIFIER * ASSIGN ex SEMICOLON

                        ASSIGN shift        5      

State 61:
          statement ::= TIME * IDENTIFIER ASSIGN ex SEMICOLON

                    IDENTIFIER shift        60     

State 62:
          statement ::= FOR IDENTIFIER IN ex DO statementblock ENDDO * SEMICOLON

                     SEMICOLON shift-reduce 11     statement ::= FOR IDENTIFIER IN ex DO statementblock ENDDO SEMICOLON

State 63:
          statement ::= FOR IDENTIFIER * IN ex DO statementblock ENDDO SEMICOLON

                            IN shift        6      

State 64:
          statement ::= FOR * IDENTIFIER IN ex DO statementblock ENDDO SEMICOLON

                    IDENTIFIER shift        63     

State 65:
          elseif ::= ELSE statementblock ENDIF * SEMICOLON

                     SEMICOLON shift-reduce 9      elseif ::= ELSE statementblock ENDIF SEMICOLON

State 66:
          elseif ::= ENDIF * SEMICOLON

                     SEMICOLON shift-reduce 8      elseif ::= ENDIF SEMICOLON

State 67:
          statement ::= IDENTIFIER * ASSIGN ex SEMICOLON

                        ASSIGN shift        7      

State 68:
          ex ::= ex IS NOT * WITHIN ex TO ex

                        WITHIN shift        26     

----------------------------------------------------
Symbols:
The first-set of non-terminals is shown after the name.

    0: $:
    1: TIME (precedence=1)
    2: UPPERCASE (precedence=1)
    3: AVERAGE (precedence=1)
    4: INCREASE (precedence=1)
    5: MAXIMUM (precedence=1)
    6: IS (precedence=2)
    7: ISNULL (precedence=2)
    8: ISLIST (precedence=2)
    9: ISNUMBER (precedence=2)
   10: ISNOTWITHIN (precedence=2)
   11: AMPERSAND (precedence=3)
   12: PLUS (precedence=4)
   13: MINUS (precedence=4)
   14: TIMES (precedence=5)
   15: DIVIDE (precedence=5)
   16: SQRT (precedence=6)
   17: UNMINUS (precedence=7)
   18: POWER (precedence=8)
   19: RANGE (precedence=9)
   20: WRITE
   21: SEMICOLON
   22: TRACE
   23: IDENTIFIER
   24: ASSIGN
   25: IF
   26: THEN
   27: ENDIF
   28: ELSE
   29: ELSEIF
   30: FOR
   31: IN
   32: DO
   33: ENDDO
   34: NOW
   35: CURRENTTIME
   36: LPAR
   37: RPAR
   38: NUMTOKEN
   39: TIMETOKEN
   40: STRTOKEN
   41: NUMBER
   42: LIST
   43: NULLTOK
   44: NOT
   45: WITHIN
   46: TO
   47: TRUE
   48: FALSE
   49: LSPAR
   50: RSPAR
   51: COMMA
   52: code: <lambda> TIME WRITE TRACE IDENTIFIER IF FOR
   53: statementblock: <lambda> TIME WRITE TRACE IDENTIFIER IF FOR
   54: statement: TIME WRITE TRACE IDENTIFIER IF FOR
   55: ex: TIME UPPERCASE AVERAGE INCREASE MAXIMUM MINUS SQRT IDENTIFIER NOW CURRENTTIME LPAR NUMTOKEN TIMETOKEN STRTOKEN NULLTOK TRUE FALSE LSPAR
   56: if_then_else: TIME UPPERCASE AVERAGE INCREASE MAXIMUM MINUS SQRT IDENTIFIER NOW CURRENTTIME LPAR NUMTOKEN TIMETOKEN STRTOKEN NULLTOK TRUE FALSE LSPAR
   57: elseif: ENDIF ELSE ELSEIF
   58: exlist: TIME UPPERCASE AVERAGE INCREASE MAXIMUM MINUS SQRT IDENTIFIER NOW CURRENTTIME LPAR NUMTOKEN TIMETOKEN STRTOKEN NULLTOK TRUE FALSE LSPAR
----------------------------------------------------
Syntax-only Symbols:
The following symbols never carry semantic content.

$ TIME UPPERCASE AVERAGE INCREASE MAXIMUM IS ISNULL ISLIST ISNUMBER
ISNOTWITHIN AMPERSAND PLUS MINUS TIMES DIVIDE SQRT UNMINUS POWER RANGE WRITE
SEMICOLON ASSIGN IF THEN ENDIF ELSE ELSEIF FOR IN DO ENDDO NOW CURRENTTIME
LPAR RPAR NUMBER LIST NULLTOK NOT WITHIN TO TRUE FALSE LSPAR RSPAR COMMA
code
----------------------------------------------------
Rules:
   0: code ::= statementblock.
   1: statementblock ::=.
   2: statementblock ::= statementblock statement.
   3: statement ::= WRITE ex SEMICOLON.
   4: statement ::= TRACE ex SEMICOLON.
   5: statement ::= IDENTIFIER ASSIGN ex SEMICOLON.
   6: statement ::= IF if_then_else.
   7: if_then_else ::= ex THEN statementblock elseif.
   8: elseif ::= ENDIF SEMICOLON.
   9: elseif ::= ELSE statementblock ENDIF SEMICOLON.
  10: elseif ::= ELSEIF if_then_else.
  11: statement ::= FOR IDENTIFIER IN ex DO statementblock ENDDO SEMICOLON.
  12: statement ::= TIME IDENTIFIER ASSIGN ex SEMICOLON. [TIME precedence=1]
  13: ex ::= NOW.
  14: ex ::= CURRENTTIME.
  15: ex ::= LPAR ex RPAR.
  16: ex ::= NUMTOKEN.
  17: ex ::= TIMETOKEN.
  18: ex ::= STRTOKEN.
  19: ex ::= IDENTIFIER.
  20: ex ::= TIME ex. [TIME precedence=1]
  21: ex ::= SQRT ex. [SQRT precedence=6]
  22: ex ::= UPPERCASE ex. [UPPERCASE precedence=1]
  23: ex ::= MAXIMUM ex. [MAXIMUM precedence=1]
  24: ex ::= AVERAGE ex. [AVERAGE precedence=1]
  25: ex ::= INCREASE ex. [INCREASE precedence=1]
  26: ex ::= MINUS ex. [UNMINUS precedence=7]
  27: ex ::= ex IS NUMBER. [ISNUMBER precedence=2]
  28: ex ::= ex IS LIST. [ISLIST precedence=2]
  29: ex ::= ex IS NULLTOK. [ISNULL precedence=2]
  30: ex ::= ex AMPERSAND ex. [AMPERSAND precedence=3]
  31: ex ::= ex RANGE ex. [RANGE precedence=9]
  32: ex ::= ex PLUS ex. [PLUS precedence=4]
  33: ex ::= ex MINUS ex. [MINUS precedence=4]
  34: ex ::= ex TIMES ex. [TIMES precedence=5]
  35: ex ::= ex DIVIDE ex. [DIVIDE precedence=5]
  36: ex ::= ex POWER ex. [POWER precedence=8]
  37: ex ::= ex IS NOT WITHIN ex TO ex. [ISNOTWITHIN precedence=2]
  38: ex ::= NULLTOK.
  39: ex ::= TRUE.
  40: ex ::= FALSE.
  41: ex ::= LSPAR RSPAR.
  42: ex ::= LSPAR exlist RSPAR.
  43: exlist ::= ex.
  44: exlist ::= exlist COMMA ex.
